生成启动时间为 2017/3/11 9:11:29。
     1>项目“I:\MyProjects\MapEditor\MapEditor\MapEditor.vcxproj”在节点 2 上(build 个目标)。
     1>InitializeBuildStatus:
         正在创建“Debug\MapEditor.unsuccessfulbuild”，因为已指定“AlwaysCreate”。
       ClCompile:
         所有输出均为最新。
         所有输出均为最新。
       ResourceCompile:
         所有输出均为最新。
       ManifestResourceCompile:
         所有输出均为最新。
       Link:
         所有输出均为最新。
       Manifest:
         C:\Program Files\Microsoft SDKs\Windows\v7.0A\bin\mt.exe /nologo /verbose /out:"Debug\MapEditor.exe.embed.manifest" /manifest Debug\MapEditor.exe.intermediate.manifest "C:\Program Files\Microsoft Visual Studio 10.0\VC\Include\Manifest\dpiaware.manifest"
         所有输出均为最新。
       FinalizeBuildStatus:
         正在删除文件“Debug\MapEditor.unsuccessfulbuild”。
         正在对“Debug\MapEditor.lastbuildstate”执行 Touch 任务。
     1>已完成生成项目“I:\MyProjects\MapEditor\MapEditor\MapEditor.vcxproj”(build 个目标)的操作。

生成成功。

已用时间 00:00:00.27
